
> stellar-terminal@0.0.1 start /data/www/linstellarterm
> gulp watch

[17:35:31] Using gulpfile /data/www/linstellarterm/gulpfile.js
[17:35:31] Starting 'html'...
[17:35:31] Starting 'styles'...
[17:35:31] Starting 'customConfig'...
[17:35:31] Starting 'buildInfo'...
[17:35:31] Starting 'images'...
[17:35:31] Starting 'scripts'...
[17:35:31] Starting 'copyBower'...
[17:35:31] Finished 'customConfig' after 24 ms
[17:35:31] Finished 'buildInfo' after 24 ms
[17:35:31] Finished 'images' after 16 ms
[17:35:31] Finished 'html' after 52 ms
[17:35:32] Finished 'copyBower' after 514 ms
[17:35:37] Finished 'styles' after 5.72 s
5739297 bytes written (6.38 seconds)
[17:35:37] Finished 'scripts' after 6.44 s
[17:35:37] Starting 'watch'...
[17:35:37] Finished 'watch' after 45 ms
[BS] Access URLs:
 ---------------------------------------
       Local: https://localhost:3000
    External: https://172.16.55.128:3000
 ---------------------------------------
          UI: http://localhost:3001
 UI External: http://172.16.55.128:3001
 ---------------------------------------
[BS] Serving files from: dist
[BS] Couldn't open browser (if you are using BrowserSync in a headless environment, you might want to set the open option to false)
[18:00:53] Starting 'styles'...
[18:00:53] Finished 'styles' after 260 ms
[18:00:53] Starting 'css-reload'...
[18:00:53] Finished 'css-reload' after 509 μs
5739164 bytes written (1.09 seconds)
[BS] Reloading Browsers...
[BS] Reloading Browsers...
5739220 bytes written (1.37 seconds)
[BS] Reloading Browsers...
[11:36:05] Starting 'styles'...
[11:36:05] Finished 'styles' after 251 ms
[11:36:05] Starting 'css-reload'...
[11:36:05] Finished 'css-reload' after 47 μs
5739798 bytes written (0.92 seconds)
[BS] Reloading Browsers...
[BS] Reloading Browsers...
[BABEL] Note: The code generator has deoptimised the styling of "/data/www/linstellarterm/src/images.js" as it exceeds the max of "500KB".
7069527 bytes written (1.07 seconds)
[BS] Reloading Browsers...

> stellar-terminal@0.0.1 start /data/www/linstellarterm
> gulp watch

[11:37:45] Using gulpfile /data/www/linstellarterm/gulpfile.js
[11:37:45] Starting 'html'...
[11:37:45] Starting 'styles'...
[11:37:45] Starting 'customConfig'...
[11:37:45] Starting 'buildInfo'...
[11:37:45] Starting 'images'...
[11:37:45] Starting 'scripts'...
[11:37:45] Starting 'copyBower'...
[11:37:45] Finished 'customConfig' after 24 ms
[11:37:45] Finished 'buildInfo' after 24 ms
[11:37:45] Finished 'images' after 17 ms
[11:37:45] Finished 'html' after 49 ms
[11:37:45] Finished 'copyBower' after 47 ms
[BABEL] Note: The code generator has deoptimised the styling of "/data/www/linstellarterm/src/images.js" as it exceeds the max of "500KB".
7069527 bytes written (0.94 seconds)
[BABEL] Note: The code generator has deoptimised the styling of "/data/www/linstellarterm/src/images.js" as it exceeds the max of "500KB".
[BS] Reloading Browsers...
[11:37:51] Finished 'styles' after 5.87 s
7069527 bytes written (6.59 seconds)
[11:37:52] Finished 'scripts' after 6.6 s
[11:37:52] Starting 'watch'...
[11:37:52] Finished 'watch' after 41 ms
[BS] Access URLs:
 ---------------------------------------
       Local: https://localhost:3002
    External: https://172.16.55.128:3002
 ---------------------------------------
          UI: http://localhost:3003
 UI External: http://172.16.55.128:3003
 ---------------------------------------
[BS] Serving files from: dist
[BS] Couldn't open browser (if you are using BrowserSync in a headless environment, you might want to set the open option to false)
[BABEL] Note: The code generator has deoptimised the styling of "/data/www/linstellarterm/src/images.js" as it exceeds the max of "500KB".
[BABEL] Note: The code generator has deoptimised the styling of "/data/www/linstellarterm/src/images.js" as it exceeds the max of "500KB".
7069527 bytes written (1.35 seconds)
7069527 bytes written (1.40 seconds)
[BS] Reloading Browsers...
[BS] Reloading Browsers...

> stellar-terminal@0.0.1 start /data/www/linstellarterm
> gulp watch

[11:59:27] Using gulpfile /data/www/linstellarterm/gulpfile.js
[11:59:27] Starting 'html'...
[11:59:27] Starting 'styles'...
[11:59:27] Starting 'customConfig'...
[11:59:27] Starting 'buildInfo'...
[11:59:27] Starting 'images'...
[11:59:27] Starting 'scripts'...
[11:59:27] Starting 'copyBower'...
[11:59:27] Finished 'customConfig' after 25 ms
[11:59:27] Finished 'buildInfo' after 25 ms
[11:59:27] Finished 'images' after 18 ms
[11:59:27] Finished 'html' after 51 ms
[11:59:27] Finished 'copyBower' after 47 ms
[BABEL] Note: The code generator has deoptimised the styling of "/data/www/linstellarterm/src/images.js" as it exceeds the max of "500KB".
[BABEL] Note: The code generator has deoptimised the styling of "/data/www/linstellarterm/src/images.js" as it exceeds the max of "500KB".
7069527 bytes written (1.13 seconds)
7069527 bytes written (1.17 seconds)
[BABEL] Note: The code generator has deoptimised the styling of "/data/www/linstellarterm/src/images.js" as it exceeds the max of "500KB".
[BS] Reloading Browsers...
[BS] Reloading Browsers...
[11:59:33] Finished 'styles' after 6.18 s
7069527 bytes written (6.88 seconds)
[11:59:34] Finished 'scripts' after 6.94 s
[11:59:34] Starting 'watch'...
[11:59:34] Finished 'watch' after 42 ms
[BS] Access URLs:
 ---------------------------------------
       Local: https://localhost:3004
    External: https://172.16.55.128:3004
 ---------------------------------------
          UI: http://localhost:3005
 UI External: http://172.16.55.128:3005
 ---------------------------------------
[BS] Serving files from: dist
[BS] Couldn't open browser (if you are using BrowserSync in a headless environment, you might want to set the open option to false)
[15:17:45] Starting 'styles'...
[15:17:45] Starting 'html'...
[15:17:45] Starting 'styles'...
[15:17:45] Starting 'html'...
[15:17:45] Finished 'html' after 13 ms
[15:17:45] Starting 'html-reload'...
[15:17:45] Finished 'html-reload' after 87 μs
[15:17:45] Starting 'styles'...
[15:17:45] Starting 'html'...
[15:17:45] Finished 'html' after 18 ms
[15:17:45] Starting 'html-reload'...
[15:17:45] Finished 'html-reload' after 786 μs
[15:17:45] Finished 'html' after 17 ms
[15:17:45] Starting 'html-reload'...
[15:17:45] Finished 'html-reload' after 162 μs
[15:17:45] Finished 'styles' after 77 ms
[15:17:45] Starting 'css-reload'...
[15:17:45] Finished 'css-reload' after 75 μs
[15:17:45] Finished 'styles' after 79 ms
[15:17:45] Starting 'css-reload'...
[15:17:45] Finished 'css-reload' after 282 μs
[15:17:46] Finished 'styles' after 128 ms
[15:17:46] Starting 'css-reload'...
[15:17:46] Finished 'css-reload' after 72 μs
[BS] Reloading Browsers...
[BS] Reloading Browsers...
[BS] Reloading Browsers...

> stellar-terminal@0.0.1 start /data/www/stellarterm
> gulp watch

[20:16:23] Using gulpfile /data/www/stellarterm/gulpfile.js
[20:16:23] Starting 'html'...
[20:16:23] Starting 'styles'...
[20:16:23] Starting 'customConfig'...
[20:16:23] Starting 'buildInfo'...
[20:16:23] Starting 'images'...
[20:16:23] Starting 'scripts'...
[20:16:23] Starting 'copyBower'...
[20:16:23] Finished 'customConfig' after 27 ms
[20:16:23] Finished 'buildInfo' after 27 ms
[20:16:23] Finished 'images' after 19 ms
[20:16:23] Finished 'html' after 53 ms
[20:16:23] Finished 'copyBower' after 50 ms
[BABEL] Note: The code generator has deoptimised the styling of "/data/www/stellarterm/src/images.js" as it exceeds the max of "500KB".
[20:16:29] Finished 'styles' after 5.9 s
7069527 bytes written (6.58 seconds)
[20:16:30] Finished 'scripts' after 6.65 s
[20:16:30] Starting 'watch'...
[20:16:30] Finished 'watch' after 41 ms
[BS] Access URLs:
 ---------------------------------------
       Local: https://localhost:3008
    External: https://172.16.55.128:3008
 ---------------------------------------
          UI: http://localhost:3009
 UI External: http://172.16.55.128:3009
 ---------------------------------------
[BS] Serving files from: dist
[BS] Couldn't open browser (if you are using BrowserSync in a headless environment, you might want to set the open option to false)

> stellar-terminal@0.0.1 start /data/www/stellarterm
> gulp watch

[11:37:55] Using gulpfile /data/www/stellarterm/gulpfile.js
[11:37:55] Starting 'html'...
[11:37:55] Starting 'styles'...
[11:37:55] Starting 'customConfig'...
[11:37:55] Starting 'buildInfo'...
[11:37:55] Starting 'images'...
[11:37:55] Starting 'scripts'...
[11:37:55] Starting 'copyBower'...
[11:37:56] Finished 'customConfig' after 215 ms
[11:37:56] Finished 'buildInfo' after 215 ms
[11:37:56] Finished 'images' after 92 ms
[11:37:56] Finished 'html' after 256 ms
[11:37:56] Finished 'copyBower' after 88 ms
[BABEL] Note: The code generator has deoptimised the styling of "/data/www/stellarterm/src/images.js" as it exceeds the max of "500KB".
[11:38:03] Finished 'styles' after 7.61 s
7069527 bytes written (8.16 seconds)
[11:38:04] Finished 'scripts' after 8.23 s
[11:38:04] Starting 'watch'...
[11:38:04] Finished 'watch' after 146 ms
[BS] Access URLs:
 ---------------------------------------
       Local: https://localhost:3008
    External: https://172.16.55.128:3008
 ---------------------------------------
          UI: http://localhost:3009
 UI External: http://172.16.55.128:3009
 ---------------------------------------
[BS] Serving files from: dist
[BS] Couldn't open browser (if you are using BrowserSync in a headless environment, you might want to set the open option to false)
